<?xml version="1.0" encoding="UTF-8"?>
<!-- Generated by org.testng.reporters.JUnitReportReporter -->
<testsuite hostname="LAPTOP-P1Q7QMTK" failures="0" tests="2" name="FrameworkDesign.Tests.ErrorValidationTest" time="24.758" errors="0" timestamp="2024-10-11T12:16:24 IST" skipped="0">
  <testcase classname="FrameworkDesign.Tests.ErrorValidationTest" name="productErrorValidation" time="19.920"/>
  <testcase classname="FrameworkDesign.Tests.ErrorValidationTest" name="submitOrder" time="4.838"/>
</testsuite> <!-- FrameworkDesign.Tests.ErrorValidationTest -->
