<?xml version="1.0" encoding="UTF-8"?>
<!-- Generated by org.testng.reporters.JUnitReportReporter -->
<testsuite hostname="LAPTOP-P1Q7QMTK" failures="0" tests="3" name="FrameworkDesign.Tests.SubmitOrderTest" time="31.704" errors="0" timestamp="2024-10-11T12:16:24 IST" skipped="0">
  <testcase classname="FrameworkDesign.Tests.SubmitOrderTest" name="submitOrder" time="6.987"/>
  <testcase classname="FrameworkDesign.Tests.SubmitOrderTest" name="submitOrder" time="20.407"/>
  <testcase classname="FrameworkDesign.Tests.SubmitOrderTest" name="orderHistoryTest" time="4.310"/>
</testsuite> <!-- FrameworkDesign.Tests.SubmitOrderTest -->
