<?xml version="1.0" encoding="UTF-8"?>
<!-- Generated by org.testng.reporters.JUnitReportReporter -->
<testsuite hostname="LAPTOP-P1Q7QMTK" failures="0" tests="3" name="FrameworkDesign.Tests.SubmitOrderTest" time="22.252" errors="0" timestamp="2024-10-11T12:32:29 IST" skipped="0">
  <testcase classname="FrameworkDesign.Tests.SubmitOrderTest" name="submitOrder" time="8.877"/>
  <testcase classname="FrameworkDesign.Tests.SubmitOrderTest" name="submitOrder" time="7.153"/>
  <testcase classname="FrameworkDesign.Tests.SubmitOrderTest" name="orderHistoryTest" time="6.222"/>
</testsuite> <!-- FrameworkDesign.Tests.SubmitOrderTest -->
