<?xml version="1.0" encoding="UTF-8"?>
<!-- Generated by org.testng.reporters.JUnitReportReporter -->
<testsuite hostname="LAPTOP-P1Q7QMTK" failures="0" tests="1" name="FrameworkDesign.Tests.ErrorValidationTest" time="4.824" errors="0" timestamp="2024-10-11T12:45:16 IST" skipped="0">
  <testcase classname="FrameworkDesign.Tests.ErrorValidationTest" name="submitOrder" time="4.824"/>
</testsuite> <!-- FrameworkDesign.Tests.ErrorValidationTest -->
